<?xml version="1.0" encoding="UTF-8"?>
<!-- Generated by org.testng.reporters.JUnitReportReporter -->
<testsuite hostname="Indhu" failures="0" tests="1" name="testcases.TC101" time="2.147" errors="0" timestamp="2023-06-14T02:12:37 IST" skipped="0">
  <testcase classname="testcases.TC101" name="TestCase101" time="2.147"/>
  <system-out/>
</testsuite> <!-- testcases.TC101 -->
