<?xml version="1.0" encoding="UTF-8"?>
<!-- Generated by org.testng.reporters.JUnitReportReporter -->
<testsuite hostname="Indhu" failures="0" tests="1" name="testcases.TC112" time="6.149" errors="0" timestamp="2023-06-14T02:12:37 IST" skipped="0">
  <testcase classname="testcases.TC112" name="TestCase112" time="6.149"/>
  <system-out/>
</testsuite> <!-- testcases.TC112 -->
