<?xml version="1.0" encoding="UTF-8"?>
<!-- Generated by org.testng.reporters.JUnitReportReporter -->
<testsuite hostname="Indhu" failures="0" tests="1" name="testcases.TC109" time="3.606" errors="0" timestamp="2023-06-14T02:12:37 IST" skipped="0">
  <testcase classname="testcases.TC109" name="TestCase109" time="3.606"/>
  <system-out/>
</testsuite> <!-- testcases.TC109 -->
