<?xml version="1.0" encoding="UTF-8"?>
<!-- Generated by org.testng.reporters.JUnitReportReporter -->
<testsuite hostname="Indhu" failures="0" tests="1" name="testcases.Login" time="3.060" errors="0" timestamp="2023-05-25T00:48:52 IST" skipped="0">
  <testcase classname="testcases.Login" name="LoginTo" time="3.060"/>
  <system-out/>
</testsuite> <!-- testcases.Login -->
