<?xml version="1.0" encoding="UTF-8"?>
<!-- Generated by org.testng.reporters.JUnitReportReporter -->
<testsuite hostname="Indhu" failures="0" tests="1" name="testcases.TC104" time="6.537" errors="0" timestamp="2023-06-14T02:12:37 IST" skipped="0">
  <testcase classname="testcases.TC104" name="TestCase104" time="6.537"/>
  <system-out/>
</testsuite> <!-- testcases.TC104 -->
